0 info it worked if it ends with ok
1 verbose cli [ '/usr/local/bin/node', '/usr/local/bin/npm', 'run', 'pro' ]
2 info using npm@4.1.2
3 info using node@v7.6.0
4 verbose run-script [ 'prepro', 'pro', 'postpro' ]
5 info lifecycle xiaobaozong@0.1.0~prepro: xiaobaozong@0.1.0
6 silly lifecycle xiaobaozong@0.1.0~prepro: no script for prepro, continuing
7 info lifecycle xiaobaozong@0.1.0~pro: xiaobaozong@0.1.0
8 verbose lifecycle xiaobaozong@0.1.0~pro: unsafe-perm in lifecycle true
9 verbose lifecycle xiaobaozong@0.1.0~pro: PATH: /usr/local/lib/node_modules/npm/bin/node-gyp-bin:/home/baozi/nodeCode/blog/node_modules/.bin:/etc/init.d:/home/baozi/bin:/home/baozi/.local/bin:/home/baozi/.npm-global/bin:/usr/local/sbin:/usr/local/bin:/usr/sbin:/usr/bin:/sbin:/bin:/usr/games:/usr/local/games:/snap/bin
10 verbose lifecycle xiaobaozong@0.1.0~pro: CWD: /home/baozi/nodeCode/blog
11 silly lifecycle xiaobaozong@0.1.0~pro: Args: [ '-c',
11 silly lifecycle   'set NODE_ENV=production & export NODE_ENV=production && webpack --config=./webpack/webpack.pro.js && node bin/run' ]
12 silly lifecycle xiaobaozong@0.1.0~pro: Returned: code: 1  signal: null
13 info lifecycle xiaobaozong@0.1.0~pro: Failed to exec pro script
14 verbose stack Error: xiaobaozong@0.1.0 pro: `set NODE_ENV=production & export NODE_ENV=production && webpack --config=./webpack/webpack.pro.js && node bin/run`
14 verbose stack Exit status 1
14 verbose stack     at EventEmitter.<anonymous> (/usr/local/lib/node_modules/npm/lib/utils/lifecycle.js:279:16)
14 verbose stack     at emitTwo (events.js:106:13)
14 verbose stack     at EventEmitter.emit (events.js:192:7)
14 verbose stack     at ChildProcess.<anonymous> (/usr/local/lib/node_modules/npm/lib/utils/spawn.js:40:14)
14 verbose stack     at emitTwo (events.js:106:13)
14 verbose stack     at ChildProcess.emit (events.js:192:7)
14 verbose stack     at maybeClose (internal/child_process.js:890:16)
14 verbose stack     at Process.ChildProcess._handle.onexit (internal/child_process.js:226:5)
15 verbose pkgid xiaobaozong@0.1.0
16 verbose cwd /home/baozi/nodeCode/blog
17 error Linux 4.8.0-52-generic
18 error argv "/usr/local/bin/node" "/usr/local/bin/npm" "run" "pro"
19 error node v7.6.0
20 error npm  v4.1.2
21 error code ELIFECYCLE
22 error xiaobaozong@0.1.0 pro: `set NODE_ENV=production & export NODE_ENV=production && webpack --config=./webpack/webpack.pro.js && node bin/run`
22 error Exit status 1
23 error Failed at the xiaobaozong@0.1.0 pro script 'set NODE_ENV=production & export NODE_ENV=production && webpack --config=./webpack/webpack.pro.js && node bin/run'.
23 error Make sure you have the latest version of node.js and npm installed.
23 error If you do, this is most likely a problem with the xiaobaozong package,
23 error not with npm itself.
23 error Tell the author that this fails on your system:
23 error     set NODE_ENV=production & export NODE_ENV=production && webpack --config=./webpack/webpack.pro.js && node bin/run
23 error You can get information on how to open an issue for this project with:
23 error     npm bugs xiaobaozong
23 error Or if that isn't available, you can get their info via:
23 error     npm owner ls xiaobaozong
23 error There is likely additional logging output above.
24 verbose exit [ 1, true ]
